{
  "aggregate": {
    "timestamp": "2018-06-22T14:02:27.462Z",
    "scenariosCreated": 5,
    "scenariosCompleted": 5,
    "requestsCompleted": 30,
    "latency": {
      "min": 56.8,
      "max": 551.5,
      "median": 186.9,
      "p95": 346.1,
      "p99": 551.5
    },
    "rps": {
      "count": 30,
      "mean": 5.46
    },
    "scenarioDuration": {
      "min": 1103.8,
      "max": 1608,
      "median": 1209.8,
      "p95": 1608,
      "p99": 1608
    },
    "scenarioCounts": {
      "0": 5
    },
    "errors": {},
    "codes": {
      "200": 10,
      "301": 10,
      "302": 10
    },
    "matches": 0,
    "customStats": {},
    "counters": {},
    "phases": [
      {
        "duration": 5,
        "arrivalRate": 1
      }
    ]
  },
  "intermediate": [
    {
      "timestamp": "2018-06-22T14:02:27.458Z",
      "scenariosCreated": 5,
      "scenariosCompleted": 5,
      "requestsCompleted": 30,
      "latency": {
        "min": 56.8,
        "max": 551.5,
        "median": 186.9,
        "p95": 346.1,
        "p99": 551.5
      },
      "rps": {
        "count": 30,
        "mean": 5.46
      },
      "scenarioDuration": {
        "min": 1103.8,
        "max": 1608,
        "median": 1209.8,
        "p95": 1608,
        "p99": 1608
      },
      "scenarioCounts": {
        "0": 5
      },
      "errors": {},
      "codes": {
        "200": 10,
        "301": 10,
        "302": 10
      },
      "matches": 0,
      "latencies": [
        [
          1529676142525,
          "7327af6e-4644-423c-a443-f187bab1cda4",
          551538457,
          302
        ],
        [
          1529676142650,
          "7327af6e-4644-423c-a443-f187bab1cda4",
          109041640,
          301
        ],
        [
          1529676143003,
          "7327af6e-4644-423c-a443-f187bab1cda4",
          346057002,
          200
        ],
        [
          1529676143142,
          "7327af6e-4644-423c-a443-f187bab1cda4",
          57863858,
          302
        ],
        [
          1529676143180,
          "5c7d78dd-09bb-4892-946f-abdaf815ed2d",
          232693376,
          302
        ],
        [
          1529676143254,
          "7327af6e-4644-423c-a443-f187bab1cda4",
          111137039,
          301
        ],
        [
          1529676143288,
          "5c7d78dd-09bb-4892-946f-abdaf815ed2d",
          107527661,
          301
        ],
        [
          1529676143487,
          "7327af6e-4644-423c-a443-f187bab1cda4",
          229031051,
          200
        ],
        [
          1529676143525,
          "5c7d78dd-09bb-4892-946f-abdaf815ed2d",
          234052492,
          200
        ],
        [
          1529676143683,
          "5c7d78dd-09bb-4892-946f-abdaf815ed2d",
          89264710,
          302
        ],
        [
          1529676143796,
          "5c7d78dd-09bb-4892-946f-abdaf815ed2d",
          112153570,
          301
        ],
        [
          1529676144038,
          "5c7d78dd-09bb-4892-946f-abdaf815ed2d",
          238438922,
          200
        ],
        [
          1529676144173,
          "9c264274-a318-4a30-a2a3-0e1a0ca5e2db",
          230162343,
          302
        ],
        [
          1529676144310,
          "9c264274-a318-4a30-a2a3-0e1a0ca5e2db",
          122715887,
          301
        ],
        [
          1529676144555,
          "9c264274-a318-4a30-a2a3-0e1a0ca5e2db",
          243617564,
          200
        ],
        [
          1529676144682,
          "9c264274-a318-4a30-a2a3-0e1a0ca5e2db",
          60987629,
          302
        ],
        [
          1529676144805,
          "9c264274-a318-4a30-a2a3-0e1a0ca5e2db",
          121996135,
          301
        ],
        [
          1529676145033,
          "9c264274-a318-4a30-a2a3-0e1a0ca5e2db",
          227101782,
          200
        ],
        [
          1529676145219,
          "ac468bd1-19b5-43a7-b64e-f37dc9f621e7",
          270566703,
          302
        ],
        [
          1529676145328,
          "ac468bd1-19b5-43a7-b64e-f37dc9f621e7",
          108466698,
          301
        ],
        [
          1529676145563,
          "ac468bd1-19b5-43a7-b64e-f37dc9f621e7",
          232225790,
          200
        ],
        [
          1529676145692,
          "ac468bd1-19b5-43a7-b64e-f37dc9f621e7",
          56842816,
          302
        ],
        [
          1529676145841,
          "ac468bd1-19b5-43a7-b64e-f37dc9f621e7",
          148062374,
          301
        ],
        [
          1529676146074,
          "ac468bd1-19b5-43a7-b64e-f37dc9f621e7",
          229026460,
          200
        ],
        [
          1529676146169,
          "75d624fb-2d9d-449a-b5d9-1ec86dde8a9a",
          225799248,
          302
        ],
        [
          1529676146278,
          "75d624fb-2d9d-449a-b5d9-1ec86dde8a9a",
          108161715,
          301
        ],
        [
          1529676146507,
          "75d624fb-2d9d-449a-b5d9-1ec86dde8a9a",
          228224990,
          200
        ],
        [
          1529676146642,
          "75d624fb-2d9d-449a-b5d9-1ec86dde8a9a",
          65922825,
          302
        ],
        [
          1529676146752,
          "75d624fb-2d9d-449a-b5d9-1ec86dde8a9a",
          109463626,
          301
        ],
        [
          1529676146981,
          "75d624fb-2d9d-449a-b5d9-1ec86dde8a9a",
          226235907,
          200
        ]
      ],
      "customStats": {},
      "counters": {},
      "concurrency": 0,
      "pendingRequests": 0
    }
  ]
}